<?xml version="1.0" encoding="UTF-8"?>
<!-- Generated by org.testng.reporters.JUnitReportReporter -->
<testsuite skipped="0" hostname="CSLH1613" name="parameters.prmtrs" tests="1" failures="0" timestamp="2020-08-25T18:13:26 IST" time="0.008" errors="0">
  <testcase name="test" time="0.008" classname="parameters.prmtrs"/>
  <system-out/>
</testsuite> <!-- parameters.prmtrs -->
