<?xml version="1.0" encoding="UTF-8"?>
<!-- Generated by org.testng.reporters.JUnitReportReporter -->
<testsuite skipped="0" hostname="CSLH1613" name="utils.excelDataProvider" tests="4" failures="0" timestamp="2020-08-25T07:15:48 IST" time="0.008" errors="0">
  <testcase name="test1" time="0.001" classname="utils.excelDataProvider"/>
  <system-out/>
  <testcase name="test1" time="0.001" classname="utils.excelDataProvider"/>
  <system-out/>
  <testcase name="test1" time="0.006" classname="utils.excelDataProvider"/>
  <system-out/>
  <testcase name="test1" time="0.000" classname="utils.excelDataProvider"/>
  <system-out/>
</testsuite> <!-- utils.excelDataProvider -->
