<?xml version="1.0" encoding="UTF-8"?>
<!-- Generated by org.testng.reporters.JUnitReportReporter -->
<testsuite skipped="0" hostname="CSLH1613" name="dependency.depends" tests="4" failures="0" timestamp="2020-08-25T21:58:50 IST" time="0.010" errors="0">
  <testcase name="test2" time="0.001" classname="dependency.depends"/>
  <system-out/>
  <testcase name="test4" time="0.001" classname="dependency.depends"/>
  <system-out/>
  <testcase name="test1" time="0.008" classname="dependency.depends"/>
  <system-out/>
  <testcase name="test3" time="0.000" classname="dependency.depends"/>
  <system-out/>
</testsuite> <!-- dependency.depends -->
