<?xml version="1.0" encoding="UTF-8"?>
<!-- Generated by org.testng.reporters.JUnitReportReporter -->
<testsuite skipped="0" hostname="CSLH1613" name="browser.multibrowser" tests="1" failures="0" timestamp="2020-08-25T17:37:00 IST" time="1.925" errors="0">
  <testcase name="test1" time="1.925" classname="browser.multibrowser"/>
  <system-out/>
</testsuite> <!-- browser.multibrowser -->
