<?xml version="1.0" encoding="UTF-8"?>
<!-- Generated by org.testng.reporters.JUnitReportReporter -->
<testsuite skipped="1" hostname="CSLH1613" name="ignoreTest.ignore" tests="4" failures="0" timestamp="2020-08-25T21:47:49 IST" time="0.013" errors="0">
  <testcase name="test1" time="0.009" classname="ignoreTest.ignore"/>
  <system-out/>
  <testcase name="test2" time="0.002" classname="ignoreTest.ignore"/>
  <system-out/>
  <testcase name="test4" time="0.002" classname="ignoreTest.ignore"/>
  <system-out/>
  <testcase name="test3" classname="ignoreTest.ignore">
    <skipped/>
  </testcase> <!-- test3 -->
  <system-out/>
</testsuite> <!-- ignoreTest.ignore -->
