<?xml version="1.0" encoding="UTF-8"?>
<!-- Generated by org.testng.reporters.JUnitReportReporter -->
<testsuite skipped="0" hostname="CSLH1613" name="groups.groupDemo" tests="2" failures="0" timestamp="2020-08-25T17:50:40 IST" time="0.010" errors="0">
  <testcase name="test1" time="0.008" classname="groups.groupDemo"/>
  <system-out/>
  <testcase name="test2" time="0.002" classname="groups.groupDemo"/>
  <system-out/>
</testsuite> <!-- groups.groupDemo -->
